{"C:\\Users\\18073\\Documents\\Jawahar-code\\stellar-challenge\\src\\App.jsx": {"path":"C:\\Users\\18073\\Documents\\Jawahar-code\\stellar-challenge\\src\\App.jsx","statementMap":{"0":{"start":{"line":10,"column":36},"end":{"line":10,"column":48}},"1":{"start":{"line":12,"column":2},"end":{"line":14,"column":9}},"2":{"start":{"line":13,"column":4},"end":{"line":13,"column":65}},"3":{"start":{"line":15,"column":2},"end":{"line":30,"column":4}}},"fnMap":{"0":{"name":"App","decl":{"start":{"line":9,"column":9},"end":{"line":9,"column":12}},"loc":{"start":{"line":9,"column":15},"end":{"line":31,"column":1}},"line":9},"1":{"name":"(anonymous_1)","decl":{"start":{"line":12,"column":12},"end":{"line":12,"column":13}},"loc":{"start":{"line":12,"column":18},"end":{"line":14,"column":3}},"line":12}},"branchMap":{},"s":{"0":10,"1":10,"2":5,"3":10},"f":{"0":10,"1":5},"b":{},"_coverageSchema":"1a1c01bbd47fc00a2c39e90264f33305004495a9","hash":"1ddc59fc436ab7851decb9138c04eabb3a8af63e"}
,"C:\\Users\\18073\\Documents\\Jawahar-code\\stellar-challenge\\src\\main.jsx": {"path":"C:\\Users\\18073\\Documents\\Jawahar-code\\stellar-challenge\\src\\main.jsx","statementMap":{"0":{"start":{"line":6,"column":0},"end":{"line":12,"column":2}}},"fnMap":{},"branchMap":{},"s":{"0":0},"f":{},"b":{}}
,"C:\\Users\\18073\\Documents\\Jawahar-code\\stellar-challenge\\src\\setupTests.js": {"path":"C:\\Users\\18073\\Documents\\Jawahar-code\\stellar-challenge\\src\\setupTests.js","statementMap":{},"fnMap":{},"branchMap":{},"s":{},"f":{},"b":{}}
,"C:\\Users\\18073\\Documents\\Jawahar-code\\stellar-challenge\\src\\components\\Components.jsx": {"path":"C:\\Users\\18073\\Documents\\Jawahar-code\\stellar-challenge\\src\\components\\Components.jsx","statementMap":{"0":{"start":{"line":1,"column":21},"end":{"line":5,"column":1}},"1":{"start":{"line":2,"column":2},"end":{"line":4,"column":11}},"2":{"start":{"line":6,"column":15},"end":{"line":10,"column":1}},"3":{"start":{"line":7,"column":2},"end":{"line":9,"column":11}},"4":{"start":{"line":11,"column":26},"end":{"line":11,"column":50}}},"fnMap":{"0":{"name":"(anonymous_0)","decl":{"start":{"line":1,"column":21},"end":{"line":1,"column":22}},"loc":{"start":{"line":2,"column":2},"end":{"line":4,"column":11}},"line":2},"1":{"name":"(anonymous_1)","decl":{"start":{"line":6,"column":15},"end":{"line":6,"column":16}},"loc":{"start":{"line":7,"column":2},"end":{"line":9,"column":11}},"line":7}},"branchMap":{},"s":{"0":4,"1":8,"2":4,"3":44,"4":4},"f":{"0":8,"1":44},"b":{},"_coverageSchema":"1a1c01bbd47fc00a2c39e90264f33305004495a9","hash":"cdc8e8b3dd603f9de3e6421a6f0f6dc5734a1594"}
,"C:\\Users\\18073\\Documents\\Jawahar-code\\stellar-challenge\\src\\pages\\companies-view\\CompaniesView.jsx": {"path":"C:\\Users\\18073\\Documents\\Jawahar-code\\stellar-challenge\\src\\pages\\companies-view\\CompaniesView.jsx","statementMap":{"0":{"start":{"line":5,"column":22},"end":{"line":45,"column":1}},"1":{"start":{"line":6,"column":19},"end":{"line":6,"column":32}},"2":{"start":{"line":7,"column":28},"end":{"line":7,"column":67}},"3":{"start":{"line":7,"column":36},"end":{"line":7,"column":67}},"4":{"start":{"line":8,"column":27},"end":{"line":8,"column":65}},"5":{"start":{"line":8,"column":33},"end":{"line":8,"column":65}},"6":{"start":{"line":10,"column":2},"end":{"line":44,"column":4}},"7":{"start":{"line":15,"column":12},"end":{"line":37,"column":14}},"8":{"start":{"line":30,"column":35},"end":{"line":30,"column":63}}},"fnMap":{"0":{"name":"(anonymous_0)","decl":{"start":{"line":5,"column":22},"end":{"line":5,"column":23}},"loc":{"start":{"line":5,"column":41},"end":{"line":45,"column":1}},"line":5},"1":{"name":"(anonymous_1)","decl":{"start":{"line":7,"column":28},"end":{"line":7,"column":29}},"loc":{"start":{"line":7,"column":36},"end":{"line":7,"column":67}},"line":7},"2":{"name":"(anonymous_2)","decl":{"start":{"line":8,"column":27},"end":{"line":8,"column":28}},"loc":{"start":{"line":8,"column":33},"end":{"line":8,"column":65}},"line":8},"3":{"name":"(anonymous_3)","decl":{"start":{"line":14,"column":10},"end":{"line":14,"column":11}},"loc":{"start":{"line":14,"column":75},"end":{"line":38,"column":11}},"line":14},"4":{"name":"(anonymous_4)","decl":{"start":{"line":30,"column":29},"end":{"line":30,"column":30}},"loc":{"start":{"line":30,"column":35},"end":{"line":30,"column":63}},"line":30}},"branchMap":{"0":{"loc":{"start":{"line":12,"column":7},"end":{"line":39,"column":9}},"type":"binary-expr","locations":[{"start":{"line":12,"column":7},"end":{"line":12,"column":27}},{"start":{"line":13,"column":8},"end":{"line":39,"column":9}}],"line":12}},"s":{"0":2,"1":12,"2":12,"3":1,"4":12,"5":2,"6":12,"7":10,"8":1},"f":{"0":12,"1":1,"2":2,"3":10,"4":1},"b":{"0":[12,5]},"_coverageSchema":"1a1c01bbd47fc00a2c39e90264f33305004495a9","hash":"4ad33b6dcda01314ffdb2741619ec91fcec8244b"}
,"C:\\Users\\18073\\Documents\\Jawahar-code\\stellar-challenge\\src\\pages\\company-view\\CompanyView.jsx": {"path":"C:\\Users\\18073\\Documents\\Jawahar-code\\stellar-challenge\\src\\pages\\company-view\\CompanyView.jsx","statementMap":{"0":{"start":{"line":9,"column":20},"end":{"line":120,"column":1}},"1":{"start":{"line":10,"column":32},"end":{"line":15,"column":4}},"2":{"start":{"line":16,"column":34},"end":{"line":16,"column":46}},"3":{"start":{"line":17,"column":48},"end":{"line":17,"column":63}},"4":{"start":{"line":18,"column":19},"end":{"line":18,"column":31}},"5":{"start":{"line":19,"column":19},"end":{"line":19,"column":32}},"6":{"start":{"line":20,"column":24},"end":{"line":20,"column":35}},"7":{"start":{"line":21,"column":28},"end":{"line":25,"column":3}},"8":{"start":{"line":26,"column":27},"end":{"line":26,"column":57}},"9":{"start":{"line":26,"column":33},"end":{"line":26,"column":57}},"10":{"start":{"line":28,"column":58},"end":{"line":28,"column":65}},"11":{"start":{"line":30,"column":28},"end":{"line":31,"column":69}},"12":{"start":{"line":31,"column":4},"end":{"line":31,"column":69}},"13":{"start":{"line":33,"column":30},"end":{"line":36,"column":3}},"14":{"start":{"line":34,"column":4},"end":{"line":34,"column":66}},"15":{"start":{"line":35,"column":4},"end":{"line":35,"column":18}},"16":{"start":{"line":37,"column":25},"end":{"line":37,"column":44}},"17":{"start":{"line":37,"column":31},"end":{"line":37,"column":44}},"18":{"start":{"line":39,"column":33},"end":{"line":39,"column":64}},"19":{"start":{"line":39,"column":39},"end":{"line":39,"column":64}},"20":{"start":{"line":41,"column":2},"end":{"line":44,"column":18}},"21":{"start":{"line":42,"column":4},"end":{"line":42,"column":55}},"22":{"start":{"line":43,"column":4},"end":{"line":43,"column":56}},"23":{"start":{"line":46,"column":2},"end":{"line":119,"column":4}},"24":{"start":{"line":68,"column":18},"end":{"line":72,"column":20}},"25":{"start":{"line":80,"column":16},"end":{"line":86,"column":17}},"26":{"start":{"line":93,"column":20},"end":{"line":98,"column":22}}},"fnMap":{"0":{"name":"(anonymous_0)","decl":{"start":{"line":9,"column":20},"end":{"line":9,"column":21}},"loc":{"start":{"line":9,"column":42},"end":{"line":120,"column":1}},"line":9},"1":{"name":"(anonymous_1)","decl":{"start":{"line":26,"column":27},"end":{"line":26,"column":28}},"loc":{"start":{"line":26,"column":33},"end":{"line":26,"column":57}},"line":26},"2":{"name":"(anonymous_2)","decl":{"start":{"line":30,"column":28},"end":{"line":30,"column":29}},"loc":{"start":{"line":31,"column":4},"end":{"line":31,"column":69}},"line":31},"3":{"name":"(anonymous_3)","decl":{"start":{"line":33,"column":30},"end":{"line":33,"column":31}},"loc":{"start":{"line":33,"column":42},"end":{"line":36,"column":3}},"line":33},"4":{"name":"(anonymous_4)","decl":{"start":{"line":37,"column":25},"end":{"line":37,"column":26}},"loc":{"start":{"line":37,"column":31},"end":{"line":37,"column":44}},"line":37},"5":{"name":"(anonymous_5)","decl":{"start":{"line":39,"column":33},"end":{"line":39,"column":34}},"loc":{"start":{"line":39,"column":39},"end":{"line":39,"column":64}},"line":39},"6":{"name":"(anonymous_6)","decl":{"start":{"line":41,"column":12},"end":{"line":41,"column":13}},"loc":{"start":{"line":41,"column":18},"end":{"line":44,"column":3}},"line":41},"7":{"name":"(anonymous_7)","decl":{"start":{"line":67,"column":30},"end":{"line":67,"column":31}},"loc":{"start":{"line":67,"column":66},"end":{"line":73,"column":17}},"line":67},"8":{"name":"(anonymous_8)","decl":{"start":{"line":79,"column":24},"end":{"line":79,"column":25}},"loc":{"start":{"line":80,"column":16},"end":{"line":86,"column":17}},"line":80},"9":{"name":"(anonymous_9)","decl":{"start":{"line":92,"column":41},"end":{"line":92,"column":42}},"loc":{"start":{"line":92,"column":62},"end":{"line":99,"column":19}},"line":92}},"branchMap":{"0":{"loc":{"start":{"line":66,"column":15},"end":{"line":73,"column":18}},"type":"binary-expr","locations":[{"start":{"line":66,"column":15},"end":{"line":66,"column":35}},{"start":{"line":67,"column":16},"end":{"line":73,"column":18}}],"line":66},"1":{"loc":{"start":{"line":77,"column":11},"end":{"line":113,"column":11}},"type":"binary-expr","locations":[{"start":{"line":77,"column":11},"end":{"line":77,"column":26}},{"start":{"line":78,"column":12},"end":{"line":112,"column":19}}],"line":77}},"s":{"0":2,"1":8,"2":8,"3":8,"4":8,"5":8,"6":8,"7":8,"8":8,"9":0,"10":8,"11":8,"12":0,"13":8,"14":0,"15":0,"16":8,"17":1,"18":8,"19":0,"20":8,"21":7,"22":7,"23":8,"24":0,"25":0,"26":0},"f":{"0":8,"1":0,"2":0,"3":0,"4":1,"5":0,"6":7,"7":0,"8":0,"9":0},"b":{"0":[8,0],"1":[8,0]},"_coverageSchema":"1a1c01bbd47fc00a2c39e90264f33305004495a9","hash":"1f8a5081e7ebe68551c8c7ef565b858184ab8f9d"}
,"C:\\Users\\18073\\Documents\\Jawahar-code\\stellar-challenge\\src\\pages\\create-company\\CreateOrEditCompany.jsx": {"path":"C:\\Users\\18073\\Documents\\Jawahar-code\\stellar-challenge\\src\\pages\\create-company\\CreateOrEditCompany.jsx","statementMap":{"0":{"start":{"line":6,"column":28},"end":{"line":126,"column":1}},"1":{"start":{"line":7,"column":28},"end":{"line":13,"column":4}},"2":{"start":{"line":14,"column":19},"end":{"line":14,"column":32}},"3":{"start":{"line":15,"column":28},"end":{"line":15,"column":76}},"4":{"start":{"line":15,"column":42},"end":{"line":15,"column":76}},"5":{"start":{"line":16,"column":24},"end":{"line":19,"column":3}},"6":{"start":{"line":20,"column":23},"end":{"line":23,"column":21}},"7":{"start":{"line":21,"column":4},"end":{"line":23,"column":21}},"8":{"start":{"line":24,"column":20},"end":{"line":24,"column":33}},"9":{"start":{"line":25,"column":2},"end":{"line":27,"column":23}},"10":{"start":{"line":26,"column":4},"end":{"line":26,"column":48}},"11":{"start":{"line":26,"column":24},"end":{"line":26,"column":48}},"12":{"start":{"line":29,"column":2},"end":{"line":125,"column":4}},"13":{"start":{"line":33,"column":10},"end":{"line":33,"column":29}},"14":{"start":{"line":34,"column":10},"end":{"line":41,"column":77}},"15":{"start":{"line":59,"column":18},"end":{"line":59,"column":66}},"16":{"start":{"line":66,"column":16},"end":{"line":77,"column":22}},"17":{"start":{"line":73,"column":22},"end":{"line":73,"column":70}},"18":{"start":{"line":91,"column":20},"end":{"line":91,"column":71}},"19":{"start":{"line":100,"column":18},"end":{"line":100,"column":66}}},"fnMap":{"0":{"name":"(anonymous_0)","decl":{"start":{"line":6,"column":28},"end":{"line":6,"column":29}},"loc":{"start":{"line":6,"column":50},"end":{"line":126,"column":1}},"line":6},"1":{"name":"(anonymous_1)","decl":{"start":{"line":15,"column":28},"end":{"line":15,"column":29}},"loc":{"start":{"line":15,"column":42},"end":{"line":15,"column":76}},"line":15},"2":{"name":"(anonymous_2)","decl":{"start":{"line":20,"column":23},"end":{"line":20,"column":24}},"loc":{"start":{"line":21,"column":4},"end":{"line":23,"column":21}},"line":21},"3":{"name":"(anonymous_3)","decl":{"start":{"line":25,"column":12},"end":{"line":25,"column":13}},"loc":{"start":{"line":25,"column":18},"end":{"line":27,"column":3}},"line":25},"4":{"name":"(anonymous_4)","decl":{"start":{"line":32,"column":18},"end":{"line":32,"column":19}},"loc":{"start":{"line":32,"column":25},"end":{"line":42,"column":9}},"line":32},"5":{"name":"(anonymous_5)","decl":{"start":{"line":58,"column":26},"end":{"line":58,"column":27}},"loc":{"start":{"line":59,"column":18},"end":{"line":59,"column":66}},"line":59},"6":{"name":"(anonymous_6)","decl":{"start":{"line":65,"column":33},"end":{"line":65,"column":34}},"loc":{"start":{"line":66,"column":16},"end":{"line":77,"column":22}},"line":66},"7":{"name":"(anonymous_7)","decl":{"start":{"line":72,"column":30},"end":{"line":72,"column":31}},"loc":{"start":{"line":73,"column":22},"end":{"line":73,"column":70}},"line":73},"8":{"name":"(anonymous_8)","decl":{"start":{"line":90,"column":28},"end":{"line":90,"column":29}},"loc":{"start":{"line":91,"column":20},"end":{"line":91,"column":71}},"line":91},"9":{"name":"(anonymous_9)","decl":{"start":{"line":99,"column":26},"end":{"line":99,"column":27}},"loc":{"start":{"line":100,"column":18},"end":{"line":100,"column":66}},"line":100}},"branchMap":{"0":{"loc":{"start":{"line":21,"column":4},"end":{"line":23,"column":21}},"type":"cond-expr","locations":[{"start":{"line":22,"column":8},"end":{"line":22,"column":60}},{"start":{"line":23,"column":8},"end":{"line":23,"column":21}}],"line":21},"1":{"loc":{"start":{"line":26,"column":4},"end":{"line":26,"column":48}},"type":"if","locations":[{"start":{"line":26,"column":4},"end":{"line":26,"column":48}},{"start":{},"end":{}}],"line":26},"2":{"loc":{"start":{"line":34,"column":10},"end":{"line":41,"column":76}},"type":"cond-expr","locations":[{"start":{"line":35,"column":14},"end":{"line":40,"column":15}},{"start":{"line":41,"column":14},"end":{"line":41,"column":76}}],"line":34},"3":{"loc":{"start":{"line":47,"column":15},"end":{"line":47,"column":71}},"type":"cond-expr","locations":[{"start":{"line":47,"column":32},"end":{"line":47,"column":46}},{"start":{"line":47,"column":49},"end":{"line":47,"column":71}}],"line":47},"4":{"loc":{"start":{"line":86,"column":20},"end":{"line":88,"column":26}},"type":"cond-expr","locations":[{"start":{"line":87,"column":24},"end":{"line":87,"column":80}},{"start":{"line":88,"column":24},"end":{"line":88,"column":26}}],"line":86},"5":{"loc":{"start":{"line":117,"column":23},"end":{"line":117,"column":57}},"type":"cond-expr","locations":[{"start":{"line":117,"column":40},"end":{"line":117,"column":48}},{"start":{"line":117,"column":51},"end":{"line":117,"column":57}}],"line":117}},"s":{"0":2,"1":8,"2":8,"3":8,"4":0,"5":8,"6":8,"7":0,"8":8,"9":8,"10":6,"11":0,"12":8,"13":0,"14":0,"15":0,"16":16,"17":0,"18":0,"19":0},"f":{"0":8,"1":0,"2":0,"3":6,"4":0,"5":0,"6":16,"7":0,"8":0,"9":0},"b":{"0":[0,0],"1":[0,6],"2":[0,0],"3":[0,8],"4":[0,8],"5":[0,8]},"_coverageSchema":"1a1c01bbd47fc00a2c39e90264f33305004495a9","hash":"e5004ca1907f28bc526973bf389a4b6ded484d71"}
,"C:\\Users\\18073\\Documents\\Jawahar-code\\stellar-challenge\\src\\services\\CompaniesService.js": {"path":"C:\\Users\\18073\\Documents\\Jawahar-code\\stellar-challenge\\src\\services\\CompaniesService.js","statementMap":{"0":{"start":{"line":3,"column":12},"end":{"line":3,"column":37}},"1":{"start":{"line":5,"column":24},"end":{"line":12,"column":1}},"2":{"start":{"line":6,"column":2},"end":{"line":11,"column":3}},"3":{"start":{"line":7,"column":19},"end":{"line":7,"column":54}},"4":{"start":{"line":8,"column":4},"end":{"line":8,"column":26}},"5":{"start":{"line":10,"column":4},"end":{"line":10,"column":19}},"6":{"start":{"line":14,"column":19},"end":{"line":21,"column":1}},"7":{"start":{"line":15,"column":2},"end":{"line":20,"column":3}},"8":{"start":{"line":16,"column":19},"end":{"line":16,"column":67}},"9":{"start":{"line":17,"column":4},"end":{"line":17,"column":29}},"10":{"start":{"line":19,"column":4},"end":{"line":19,"column":19}},"11":{"start":{"line":23,"column":19},"end":{"line":30,"column":1}},"12":{"start":{"line":24,"column":2},"end":{"line":29,"column":3}},"13":{"start":{"line":25,"column":19},"end":{"line":25,"column":72}},"14":{"start":{"line":26,"column":5},"end":{"line":26,"column":26}},"15":{"start":{"line":28,"column":4},"end":{"line":28,"column":19}},"16":{"start":{"line":31,"column":22},"end":{"line":38,"column":1}},"17":{"start":{"line":32,"column":2},"end":{"line":37,"column":3}},"18":{"start":{"line":33,"column":18},"end":{"line":33,"column":70}},"19":{"start":{"line":34,"column":3},"end":{"line":34,"column":27}},"20":{"start":{"line":36,"column":4},"end":{"line":36,"column":19}},"21":{"start":{"line":40,"column":22},"end":{"line":47,"column":1}},"22":{"start":{"line":41,"column":2},"end":{"line":46,"column":3}},"23":{"start":{"line":42,"column":19},"end":{"line":42,"column":63}},"24":{"start":{"line":43,"column":4},"end":{"line":43,"column":25}},"25":{"start":{"line":45,"column":4},"end":{"line":45,"column":19}},"26":{"start":{"line":48,"column":32},"end":{"line":54,"column":1}}},"fnMap":{"0":{"name":"(anonymous_0)","decl":{"start":{"line":5,"column":24},"end":{"line":5,"column":25}},"loc":{"start":{"line":5,"column":42},"end":{"line":12,"column":1}},"line":5},"1":{"name":"(anonymous_1)","decl":{"start":{"line":14,"column":19},"end":{"line":14,"column":20}},"loc":{"start":{"line":14,"column":48},"end":{"line":21,"column":1}},"line":14},"2":{"name":"(anonymous_2)","decl":{"start":{"line":23,"column":19},"end":{"line":23,"column":20}},"loc":{"start":{"line":23,"column":40},"end":{"line":30,"column":1}},"line":23},"3":{"name":"(anonymous_3)","decl":{"start":{"line":31,"column":22},"end":{"line":31,"column":23}},"loc":{"start":{"line":31,"column":42},"end":{"line":38,"column":1}},"line":31},"4":{"name":"(anonymous_4)","decl":{"start":{"line":40,"column":22},"end":{"line":40,"column":23}},"loc":{"start":{"line":40,"column":36},"end":{"line":47,"column":1}},"line":40}},"branchMap":{},"s":{"0":5,"1":5,"2":6,"3":6,"4":1,"5":0,"6":5,"7":8,"8":8,"9":1,"10":0,"11":5,"12":1,"13":1,"14":1,"15":0,"16":5,"17":1,"18":1,"19":1,"20":0,"21":5,"22":1,"23":1,"24":1,"25":0,"26":5},"f":{"0":6,"1":8,"2":1,"3":1,"4":1},"b":{},"_coverageSchema":"1a1c01bbd47fc00a2c39e90264f33305004495a9","hash":"3aaa829354a888651ae9649d29245d15d11e1160"}
,"C:\\Users\\18073\\Documents\\Jawahar-code\\stellar-challenge\\src\\services\\FoundersService.js": {"path":"C:\\Users\\18073\\Documents\\Jawahar-code\\stellar-challenge\\src\\services\\FoundersService.js","statementMap":{"0":{"start":{"line":3,"column":12},"end":{"line":3,"column":51}},"1":{"start":{"line":4,"column":20},"end":{"line":11,"column":1}},"2":{"start":{"line":5,"column":2},"end":{"line":10,"column":3}},"3":{"start":{"line":6,"column":19},"end":{"line":6,"column":65}},"4":{"start":{"line":7,"column":4},"end":{"line":7,"column":26}},"5":{"start":{"line":9,"column":4},"end":{"line":9,"column":19}},"6":{"start":{"line":13,"column":20},"end":{"line":20,"column":1}},"7":{"start":{"line":14,"column":2},"end":{"line":19,"column":3}},"8":{"start":{"line":15,"column":19},"end":{"line":15,"column":59}},"9":{"start":{"line":16,"column":4},"end":{"line":16,"column":55}},"10":{"start":{"line":16,"column":33},"end":{"line":16,"column":55}},"11":{"start":{"line":18,"column":4},"end":{"line":18,"column":19}},"12":{"start":{"line":22,"column":24},"end":{"line":33,"column":1}},"13":{"start":{"line":23,"column":2},"end":{"line":32,"column":3}},"14":{"start":{"line":24,"column":19},"end":{"line":26,"column":6}},"15":{"start":{"line":27,"column":4},"end":{"line":29,"column":23}},"16":{"start":{"line":28,"column":6},"end":{"line":28,"column":19}},"17":{"start":{"line":29,"column":11},"end":{"line":29,"column":23}},"18":{"start":{"line":31,"column":4},"end":{"line":31,"column":19}},"19":{"start":{"line":34,"column":31},"end":{"line":34,"column":76}}},"fnMap":{"0":{"name":"(anonymous_0)","decl":{"start":{"line":4,"column":20},"end":{"line":4,"column":21}},"loc":{"start":{"line":4,"column":49},"end":{"line":11,"column":1}},"line":4},"1":{"name":"(anonymous_1)","decl":{"start":{"line":13,"column":20},"end":{"line":13,"column":21}},"loc":{"start":{"line":13,"column":50},"end":{"line":20,"column":1}},"line":13},"2":{"name":"(anonymous_2)","decl":{"start":{"line":22,"column":24},"end":{"line":22,"column":25}},"loc":{"start":{"line":22,"column":46},"end":{"line":33,"column":1}},"line":22}},"branchMap":{"0":{"loc":{"start":{"line":16,"column":4},"end":{"line":16,"column":55}},"type":"if","locations":[{"start":{"line":16,"column":4},"end":{"line":16,"column":55}},{"start":{},"end":{}}],"line":16},"1":{"loc":{"start":{"line":27,"column":4},"end":{"line":29,"column":23}},"type":"if","locations":[{"start":{"line":27,"column":4},"end":{"line":29,"column":23}},{"start":{"line":29,"column":11},"end":{"line":29,"column":23}}],"line":27}},"s":{"0":5,"1":5,"2":8,"3":8,"4":1,"5":0,"6":5,"7":1,"8":1,"9":1,"10":1,"11":0,"12":5,"13":1,"14":1,"15":1,"16":1,"17":0,"18":0,"19":5},"f":{"0":8,"1":1,"2":1},"b":{"0":[1,0],"1":[1,0]},"_coverageSchema":"1a1c01bbd47fc00a2c39e90264f33305004495a9","hash":"6e780155da4ae3ec12b7ff281179aef85d5f971f"}
,"C:\\Users\\18073\\Documents\\Jawahar-code\\stellar-challenge\\src\\utils\\CompaniesHandlers.js": {"path":"C:\\Users\\18073\\Documents\\Jawahar-code\\stellar-challenge\\src\\utils\\CompaniesHandlers.js","statementMap":{"0":{"start":{"line":4,"column":26},"end":{"line":17,"column":1}},"1":{"start":{"line":5,"column":18},"end":{"line":5,"column":26}},"2":{"start":{"line":6,"column":21},"end":{"line":12,"column":4}},"3":{"start":{"line":13,"column":2},"end":{"line":16,"column":3}},"4":{"start":{"line":14,"column":4},"end":{"line":14,"column":29}},"5":{"start":{"line":15,"column":4},"end":{"line":15,"column":18}},"6":{"start":{"line":19,"column":28},"end":{"line":33,"column":1}},"7":{"start":{"line":20,"column":18},"end":{"line":20,"column":26}},"8":{"start":{"line":22,"column":4},"end":{"line":29,"column":6}},"9":{"start":{"line":30,"column":4},"end":{"line":30,"column":55}},"10":{"start":{"line":31,"column":2},"end":{"line":31,"column":47}},"11":{"start":{"line":31,"column":22},"end":{"line":31,"column":47}},"12":{"start":{"line":32,"column":2},"end":{"line":32,"column":41}},"13":{"start":{"line":35,"column":20},"end":{"line":57,"column":1}},"14":{"start":{"line":42,"column":2},"end":{"line":42,"column":21}},"15":{"start":{"line":43,"column":18},"end":{"line":43,"column":26}},"16":{"start":{"line":44,"column":15},"end":{"line":48,"column":3}},"17":{"start":{"line":49,"column":21},"end":{"line":49,"column":37}},"18":{"start":{"line":50,"column":2},"end":{"line":56,"column":3}},"19":{"start":{"line":51,"column":4},"end":{"line":51,"column":75}},"20":{"start":{"line":52,"column":4},"end":{"line":52,"column":30}},"21":{"start":{"line":53,"column":4},"end":{"line":53,"column":32}},"22":{"start":{"line":55,"column":4},"end":{"line":55,"column":55}},"23":{"start":{"line":58,"column":33},"end":{"line":62,"column":1}}},"fnMap":{"0":{"name":"(anonymous_0)","decl":{"start":{"line":4,"column":26},"end":{"line":4,"column":27}},"loc":{"start":{"line":4,"column":63},"end":{"line":17,"column":1}},"line":4},"1":{"name":"(anonymous_1)","decl":{"start":{"line":19,"column":28},"end":{"line":19,"column":29}},"loc":{"start":{"line":19,"column":72},"end":{"line":33,"column":1}},"line":19},"2":{"name":"(anonymous_2)","decl":{"start":{"line":35,"column":20},"end":{"line":35,"column":21}},"loc":{"start":{"line":41,"column":5},"end":{"line":57,"column":1}},"line":41}},"branchMap":{"0":{"loc":{"start":{"line":13,"column":2},"end":{"line":16,"column":3}},"type":"if","locations":[{"start":{"line":13,"column":2},"end":{"line":16,"column":3}},{"start":{},"end":{}}],"line":13},"1":{"loc":{"start":{"line":31,"column":2},"end":{"line":31,"column":47}},"type":"if","locations":[{"start":{"line":31,"column":2},"end":{"line":31,"column":47}},{"start":{},"end":{}}],"line":31},"2":{"loc":{"start":{"line":50,"column":2},"end":{"line":56,"column":3}},"type":"if","locations":[{"start":{"line":50,"column":2},"end":{"line":56,"column":3}},{"start":{"line":54,"column":9},"end":{"line":56,"column":3}}],"line":50}},"s":{"0":4,"1":0,"2":0,"3":0,"4":0,"5":0,"6":4,"7":0,"8":0,"9":0,"10":0,"11":0,"12":0,"13":4,"14":0,"15":0,"16":0,"17":0,"18":0,"19":0,"20":0,"21":0,"22":0,"23":4},"f":{"0":0,"1":0,"2":0},"b":{"0":[0,0],"1":[0,0],"2":[0,0]},"_coverageSchema":"1a1c01bbd47fc00a2c39e90264f33305004495a9","hash":"038eb29e041c718afa46ac6ab64b5ce513a61f47"}
,"C:\\Users\\18073\\Documents\\Jawahar-code\\stellar-challenge\\src\\utils\\CompanyUtils.js": {"path":"C:\\Users\\18073\\Documents\\Jawahar-code\\stellar-challenge\\src\\utils\\CompanyUtils.js","statementMap":{"0":{"start":{"line":1,"column":19},"end":{"line":38,"column":1}},"1":{"start":{"line":2,"column":2},"end":{"line":2,"column":24}},"2":{"start":{"line":3,"column":14},"end":{"line":3,"column":31}},"3":{"start":{"line":4,"column":15},"end":{"line":4,"column":36}},"4":{"start":{"line":5,"column":17},"end":{"line":18,"column":3}},"5":{"start":{"line":19,"column":20},"end":{"line":19,"column":50}},"6":{"start":{"line":20,"column":20},"end":{"line":34,"column":3}},"7":{"start":{"line":21,"column":4},"end":{"line":23,"column":5}},"8":{"start":{"line":22,"column":6},"end":{"line":22,"column":24}},"9":{"start":{"line":24,"column":4},"end":{"line":33,"column":5}},"10":{"start":{"line":26,"column":8},"end":{"line":26,"column":26}},"11":{"start":{"line":28,"column":8},"end":{"line":28,"column":26}},"12":{"start":{"line":30,"column":8},"end":{"line":30,"column":26}},"13":{"start":{"line":32,"column":8},"end":{"line":32,"column":26}},"14":{"start":{"line":36,"column":24},"end":{"line":36,"column":67}},"15":{"start":{"line":37,"column":2},"end":{"line":37,"column":23}},"16":{"start":{"line":41,"column":28},"end":{"line":41,"column":42}}},"fnMap":{"0":{"name":"(anonymous_0)","decl":{"start":{"line":1,"column":19},"end":{"line":1,"column":20}},"loc":{"start":{"line":1,"column":29},"end":{"line":38,"column":1}},"line":1},"1":{"name":"(anonymous_1)","decl":{"start":{"line":20,"column":20},"end":{"line":20,"column":21}},"loc":{"start":{"line":20,"column":29},"end":{"line":34,"column":3}},"line":20}},"branchMap":{"0":{"loc":{"start":{"line":21,"column":4},"end":{"line":23,"column":5}},"type":"if","locations":[{"start":{"line":21,"column":4},"end":{"line":23,"column":5}},{"start":{},"end":{}}],"line":21},"1":{"loc":{"start":{"line":21,"column":8},"end":{"line":21,"column":30}},"type":"binary-expr","locations":[{"start":{"line":21,"column":8},"end":{"line":21,"column":17}},{"start":{"line":21,"column":21},"end":{"line":21,"column":30}}],"line":21},"2":{"loc":{"start":{"line":24,"column":4},"end":{"line":33,"column":5}},"type":"switch","locations":[{"start":{"line":25,"column":6},"end":{"line":26,"column":26}},{"start":{"line":27,"column":6},"end":{"line":28,"column":26}},{"start":{"line":29,"column":6},"end":{"line":30,"column":26}},{"start":{"line":31,"column":6},"end":{"line":32,"column":26}}],"line":24}},"s":{"0":2,"1":8,"2":8,"3":8,"4":8,"5":8,"6":8,"7":8,"8":0,"9":8,"10":0,"11":0,"12":0,"13":8,"14":8,"15":8,"16":2},"f":{"0":8,"1":8},"b":{"0":[0,8],"1":[8,0],"2":[0,0,0,8]},"_coverageSchema":"1a1c01bbd47fc00a2c39e90264f33305004495a9","hash":"ff9e69482f00ea1a2d67462bb4e513e56db00435"}
}
