TN:
SF:src\App.jsx
FN:9,App
FN:12,(anonymous_1)
FNF:2
FNH:2
FNDA:10,App
FNDA:5,(anonymous_1)
DA:10,10
DA:12,10
DA:13,5
DA:15,10
LF:4
LH:4
BRF:0
BRH:0
end_of_record
TN:
SF:src\main.jsx
FNF:0
FNH:0
DA:6,0
LF:1
LH:0
BRF:0
BRH:0
end_of_record
TN:
SF:src\setupTests.js
FNF:0
FNH:0
LF:0
LH:0
BRF:0
BRH:0
end_of_record
TN:
SF:src\components\Components.jsx
FN:1,(anonymous_0)
FN:6,(anonymous_1)
FNF:2
FNH:2
FNDA:8,(anonymous_0)
FNDA:44,(anonymous_1)
DA:1,4
DA:2,8
DA:6,4
DA:7,44
DA:11,4
LF:5
LH:5
BRF:0
BRH:0
end_of_record
TN:
SF:src\pages\companies-view\CompaniesView.jsx
FN:5,(anonymous_0)
FN:7,(anonymous_1)
FN:8,(anonymous_2)
FN:14,(anonymous_3)
FN:30,(anonymous_4)
FNF:5
FNH:5
FNDA:12,(anonymous_0)
FNDA:1,(anonymous_1)
FNDA:2,(anonymous_2)
FNDA:10,(anonymous_3)
FNDA:1,(anonymous_4)
DA:5,2
DA:6,12
DA:7,12
DA:8,12
DA:10,12
DA:15,10
DA:30,1
LF:7
LH:7
BRDA:12,0,0,12
BRDA:12,0,1,5
BRF:2
BRH:2
end_of_record
TN:
SF:src\pages\company-view\CompanyView.jsx
FN:9,(anonymous_0)
FN:26,(anonymous_1)
FN:30,(anonymous_2)
FN:33,(anonymous_3)
FN:37,(anonymous_4)
FN:39,(anonymous_5)
FN:41,(anonymous_6)
FN:67,(anonymous_7)
FN:79,(anonymous_8)
FN:92,(anonymous_9)
FNF:10
FNH:3
FNDA:8,(anonymous_0)
FNDA:0,(anonymous_1)
FNDA:0,(anonymous_2)
FNDA:0,(anonymous_3)
FNDA:1,(anonymous_4)
FNDA:0,(anonymous_5)
FNDA:7,(anonymous_6)
FNDA:0,(anonymous_7)
FNDA:0,(anonymous_8)
FNDA:0,(anonymous_9)
DA:9,2
DA:10,8
DA:16,8
DA:17,8
DA:18,8
DA:19,8
DA:20,8
DA:21,8
DA:26,8
DA:28,8
DA:30,8
DA:31,0
DA:33,8
DA:34,0
DA:35,0
DA:37,8
DA:39,8
DA:41,8
DA:42,7
DA:43,7
DA:46,8
DA:68,0
DA:80,0
DA:93,0
LF:24
LH:18
BRDA:66,0,0,8
BRDA:66,0,1,0
BRDA:77,1,0,8
BRDA:77,1,1,0
BRF:4
BRH:2
end_of_record
TN:
SF:src\pages\create-company\CreateOrEditCompany.jsx
FN:6,(anonymous_0)
FN:15,(anonymous_1)
FN:20,(anonymous_2)
FN:25,(anonymous_3)
FN:32,(anonymous_4)
FN:58,(anonymous_5)
FN:65,(anonymous_6)
FN:72,(anonymous_7)
FN:90,(anonymous_8)
FN:99,(anonymous_9)
FNF:10
FNH:3
FNDA:8,(anonymous_0)
FNDA:0,(anonymous_1)
FNDA:0,(anonymous_2)
FNDA:6,(anonymous_3)
FNDA:0,(anonymous_4)
FNDA:0,(anonymous_5)
FNDA:16,(anonymous_6)
FNDA:0,(anonymous_7)
FNDA:0,(anonymous_8)
FNDA:0,(anonymous_9)
DA:6,2
DA:7,8
DA:14,8
DA:15,8
DA:16,8
DA:20,8
DA:21,0
DA:24,8
DA:25,8
DA:26,6
DA:29,8
DA:33,0
DA:34,0
DA:59,0
DA:66,16
DA:73,0
DA:91,0
DA:100,0
LF:18
LH:11
BRDA:21,0,0,0
BRDA:21,0,1,0
BRDA:26,1,0,0
BRDA:26,1,1,6
BRDA:34,2,0,0
BRDA:34,2,1,0
BRDA:47,3,0,0
BRDA:47,3,1,8
BRDA:86,4,0,0
BRDA:86,4,1,8
BRDA:117,5,0,0
BRDA:117,5,1,8
BRF:12
BRH:4
end_of_record
TN:
SF:src\services\CompaniesService.js
FN:5,(anonymous_0)
FN:14,(anonymous_1)
FN:23,(anonymous_2)
FN:31,(anonymous_3)
FN:40,(anonymous_4)
FNF:5
FNH:5
FNDA:6,(anonymous_0)
FNDA:8,(anonymous_1)
FNDA:1,(anonymous_2)
FNDA:1,(anonymous_3)
FNDA:1,(anonymous_4)
DA:3,5
DA:5,5
DA:6,6
DA:7,6
DA:8,1
DA:10,0
DA:14,5
DA:15,8
DA:16,8
DA:17,1
DA:19,0
DA:23,5
DA:24,1
DA:25,1
DA:26,1
DA:28,0
DA:31,5
DA:32,1
DA:33,1
DA:34,1
DA:36,0
DA:40,5
DA:41,1
DA:42,1
DA:43,1
DA:45,0
DA:48,5
LF:27
LH:22
BRF:0
BRH:0
end_of_record
TN:
SF:src\services\FoundersService.js
FN:4,(anonymous_0)
FN:13,(anonymous_1)
FN:22,(anonymous_2)
FNF:3
FNH:3
FNDA:8,(anonymous_0)
FNDA:1,(anonymous_1)
FNDA:1,(anonymous_2)
DA:3,5
DA:4,5
DA:5,8
DA:6,8
DA:7,1
DA:9,0
DA:13,5
DA:14,1
DA:15,1
DA:16,1
DA:18,0
DA:22,5
DA:23,1
DA:24,1
DA:27,1
DA:28,1
DA:29,0
DA:31,0
DA:34,5
LF:19
LH:15
BRDA:16,0,0,1
BRDA:16,0,1,0
BRDA:27,1,0,1
BRDA:27,1,1,0
BRF:4
BRH:2
end_of_record
TN:
SF:src\utils\CompaniesHandlers.js
FN:4,(anonymous_0)
FN:19,(anonymous_1)
FN:35,(anonymous_2)
FNF:3
FNH:0
FNDA:0,(anonymous_0)
FNDA:0,(anonymous_1)
FNDA:0,(anonymous_2)
DA:4,4
DA:5,0
DA:6,0
DA:13,0
DA:14,0
DA:15,0
DA:19,4
DA:20,0
DA:22,0
DA:30,0
DA:31,0
DA:32,0
DA:35,4
DA:42,0
DA:43,0
DA:44,0
DA:49,0
DA:50,0
DA:51,0
DA:52,0
DA:53,0
DA:55,0
DA:58,4
LF:23
LH:4
BRDA:13,0,0,0
BRDA:13,0,1,0
BRDA:31,1,0,0
BRDA:31,1,1,0
BRDA:50,2,0,0
BRDA:50,2,1,0
BRF:6
BRH:0
end_of_record
TN:
SF:src\utils\CompanyUtils.js
FN:1,(anonymous_0)
FN:20,(anonymous_1)
FNF:2
FNH:2
FNDA:8,(anonymous_0)
FNDA:8,(anonymous_1)
DA:1,2
DA:2,8
DA:3,8
DA:4,8
DA:5,8
DA:19,8
DA:20,8
DA:21,8
DA:22,0
DA:24,8
DA:26,0
DA:28,0
DA:30,0
DA:32,8
DA:36,8
DA:37,8
DA:41,2
LF:17
LH:13
BRDA:21,0,0,0
BRDA:21,0,1,8
BRDA:21,1,0,8
BRDA:21,1,1,0
BRDA:24,2,0,0
BRDA:24,2,1,0
BRDA:24,2,2,0
BRDA:24,2,3,8
BRF:8
BRH:3
end_of_record
